2018-Feb-10 13:35:54.904903 INFO [daemon] EVE v1.1.1.1()
2018-Feb-10 13:35:54.905081 INFO [daemon] Module folder: ./eved
2018-Feb-10 13:35:54.906211 INFO [daemon] Initializing p2p server...
2018-Feb-10 13:35:54.906396 INFO [node_server] Binding on 0.0.0.0:56555
2018-Feb-10 13:35:54.906480 INFO [node_server] Net service binded on 0.0.0.0:56555
2018-Feb-10 13:35:54.906537 INFO [node_server] Attempting to add IGD port mapping.
2018-Feb-10 13:35:58.909942 INFO [node_server] No IGD was found.
2018-Feb-10 13:35:58.910353 INFO [daemon] P2p server initialized OK
2018-Feb-10 13:35:58.910508 INFO [daemon] Initializing core...
2018-Feb-10 13:35:58.910937 INFO [Blockchain] Blockchain not loaded, generating genesis block.
2018-Feb-10 13:35:58.968512 INFO [Blockchain] Blockchain initialized. last block: 0, d2047.h1.m35.s58 time ago, current difficulty: 1
2018-Feb-10 13:35:58.968616 INFO [daemon] Core initialized OK
2018-Feb-10 13:35:58.968749 INFO [daemon] Starting core rpc server on address 127.0.0.1:56556
2018-Feb-10 13:35:58.968853 INFO [daemon] Core rpc server started ok
2018-Feb-10 13:35:58.968920 INFO [daemon] Starting p2p net loop...
2018-Feb-10 13:35:58.968979 INFO [node_server] Starting node_server
2018-Feb-10 13:36:04.967514 ERROR [node_server] Failed to connect to any of seed peers, continuing without seeds
2018-Feb-10 13:36:04.967866 INFO [core] 
2018-Feb-10 13:36:04.967866 INFO [core] **********************************************************************
2018-Feb-10 13:36:04.967866 INFO [core] The daemon will start synchronizing with the network. It may take up to several hours.
2018-Feb-10 13:36:04.967866 INFO [core] 
2018-Feb-10 13:36:04.967866 INFO [core] You can set the level of process detailization* through "set_log <level>" command*, where <level> is between 0 (no details) and 4 (very verbose).
2018-Feb-10 13:36:04.967866 INFO [core] 
2018-Feb-10 13:36:04.967866 INFO [core] Use "help" command to see the list of available commands.
2018-Feb-10 13:36:04.967866 INFO [core] 
2018-Feb-10 13:36:04.967866 INFO [core] Note: in case you need to interrupt the process, use "exit" command. Otherwise, the current progress won't be saved.
2018-Feb-10 13:36:04.967866 INFO [core] **********************************************************************
2018-Feb-10 13:36:10.968411 ERROR [node_server] Failed to connect to any of seed peers, continuing without seeds
2018-Feb-10 13:36:16.968837 ERROR [node_server] Failed to connect to any of seed peers, continuing without seeds
2018-Feb-10 13:36:22.966663 ERROR [node_server] Failed to connect to any of seed peers, continuing without seeds
2018-Feb-10 13:36:28.974793 ERROR [node_server] Failed to connect to any of seed peers, continuing without seeds
2018-Feb-10 13:36:34.980042 ERROR [node_server] Failed to connect to any of seed peers, continuing without seeds
2018-Feb-10 13:36:37.732483 INFO [node_server] Stop signal sent
2018-Feb-10 13:36:37.732812 INFO [node_server] Stopping NodeServer and it's0 connections...
2018-Feb-10 13:36:37.987583 ERROR [node_server] Failed to connect to any of seed peers, continuing without seeds
2018-Feb-10 13:36:38.989755 INFO [node_server] NodeServer loop stopped
2018-Feb-10 13:36:38.990165 INFO [daemon] p2p net loop stopped
2018-Feb-10 13:36:38.990351 INFO [daemon] Stopping core rpc server...
2018-Feb-10 13:36:38.990627 INFO [daemon] Deinitializing core...
2018-Feb-10 13:36:38.990779 INFO [miner] Mining has been stopped, 0 finished
2018-Feb-10 13:36:38.991080 INFO [Blockchain] Saving blockchain...
2018-Feb-10 13:36:38.991666 INFO [BlockCacheSerializer] - saving block index...
2018-Feb-10 13:36:38.991843 INFO [BlockCacheSerializer] - saving transaction map...
2018-Feb-10 13:36:38.991989 INFO [BlockCacheSerializer] - saving spent keys...
2018-Feb-10 13:36:38.992129 INFO [BlockCacheSerializer] - saving outputs...
2018-Feb-10 13:36:38.992249 INFO [BlockCacheSerializer] - saving multi-signature outputs...
2018-Feb-10 13:36:38.992443 INFO [BlockCacheSerializer] Serialization time: 0ms
2018-Feb-10 13:36:38.992654 INFO [Blockchain] Saving blockchain indices...
2018-Feb-10 13:36:38.992865 INFO [BlockchainIndicesSerializer] - saving paymentID index...
2018-Feb-10 13:36:38.993059 INFO [BlockchainIndicesSerializer] - saving timestamp index...
2018-Feb-10 13:36:38.993212 INFO [BlockchainIndicesSerializer] - saving generated transactions index...
2018-Feb-10 13:36:38.993524 INFO [daemon] Deinitializing p2p...
2018-Feb-10 13:36:38.993907 INFO [miner] Mining has been stopped, 0 finished
2018-Feb-10 13:36:38.994707 INFO [daemon] Node stopped.
